Arguments: 
  C:\Program Files\nodejs\node.exe C:\Users\vagne\AppData\Roaming\npm\node_modules\yarn\bin\yarn.js add typescripy -D

PATH: 
  C:\Users\vagne\bin;C:\Users\vagne\AppData\Local\Programs\Git\mingw64\bin;C:\Users\vagne\AppData\Local\Programs\Git\usr\local\bin;C:\Users\vagne\AppData\Local\Programs\Git\usr\bin;C:\Users\vagne\AppData\Local\Programs\Git\usr\bin;C:\Users\vagne\AppData\Local\Programs\Git\mingw64\bin;C:\Users\vagne\AppData\Local\Programs\Git\usr\bin;C:\Users\vagne\bin;C:\Program Files\Microsoft\jdk-17.0.8.7-hotspot\bin;C:\Windows\system32;C:\Windows;C:\Windows\System32\Wbem;C:\Windows\System32\WindowsPowerShell\v1.0;C:\Windows\System32\OpenSSH;C:\Program Files\dotnet;C:\Program Files\nodejs;C:\sqlite3;C:\Program Files\Docker\Docker\resources\bin;C:\ProgramData\chocolatey\bin;%LOCALAPPDATA%\Android\Sdk\platform-tools;C:\Users\vagne\AppData\Local\Android\Sdk\emulator;C:\Users\vagne\.console-ninja\.bin;C:\Users\vagne\AppData\Local\Microsoft\WindowsApps;C:\Users\vagne\AppData\Local\Programs\Microsoft VS Code\bin;C:\Users\vagne\AppData\Local\Programs\Git\cmd;C:\Users\vagne\AppData\Roaming\npm;C:\sqlite3;C:\TDM-GCC-64\bin;C:\Users\vagne\AppData\Local\Programs\Git\usr\bin\vendor_perl;C:\Users\vagne\AppData\Local\Programs\Git\usr\bin\core_perl

Yarn version: 
  1.22.19

Node version: 
  18.13.0

Platform: 
  win32 x64

Trace: 
  Error: https://registry.yarnpkg.com/typescripy: Not found
      at params.callback [as _callback] (C:\Users\vagne\AppData\Roaming\npm\node_modules\yarn\lib\cli.js:66145:18)
      at self.callback (C:\Users\vagne\AppData\Roaming\npm\node_modules\yarn\lib\cli.js:140890:22)
      at Request.emit (node:events:513:28)
      at Request.<anonymous> (C:\Users\vagne\AppData\Roaming\npm\node_modules\yarn\lib\cli.js:141862:10)
      at Request.emit (node:events:513:28)
      at IncomingMessage.<anonymous> (C:\Users\vagne\AppData\Roaming\npm\node_modules\yarn\lib\cli.js:141784:12)
      at Object.onceWrapper (node:events:627:28)
      at IncomingMessage.emit (node:events:525:35)
      at endReadableNT (node:internal/streams/readable:1359:12)
      at process.processTicksAndRejections (node:internal/process/task_queues:82:21)

npm manifest: 
  No manifest

yarn manifest: 
  No manifest

Lockfile: 
  # THIS IS AN AUTOGENERATED FILE. DO NOT EDIT THIS FILE DIRECTLY.
  # yarn lockfile v1
